<?xml version="1.0" encoding="UTF-8"?>
<!-- Generated by org.testng.reporters.JUnitReportReporter -->
<testsuite hostname="arunkumar-ThinkBook-15-G3-ACL" failures="1" tests="3" name="CucumberOptions.TestNGRunner" time="20.577" errors="0" timestamp="2024-04-25T17:51:12 IST" skipped="0">
  <testcase classname="CucumberOptions.TestNGRunner" name="runScenario" time="6.918">
    <failure message="expected [No data] but found [Beetroot]" type="java.lang.AssertionError">
      <![CDATA[java.lang.AssertionError: expected [No data] but found [Beetroot]
at org.testng.Assert.fail(Assert.java:111)
at org.testng.Assert.failNotEquals(Assert.java:1578)
at org.testng.Assert.assertEqualsImpl(Assert.java:150)
at org.testng.Assert.assertEquals(Assert.java:132)
at org.testng.Assert.assertEquals(Assert.java:656)
at org.testng.Assert.assertEquals(Assert.java:666)
at StepDefinitions.OfferPageStepDefinitions.validate_product_name_in_landing_page_and_offer_page(OfferPageStepDefinitions.java:59)
at ✽.Validate product name in Landing page and Offer page(file:///home/arunkumar/eclipse-workspace/CucumberFramework/src/test/java/features/SearchProduct.feature:8)
]]>
    </failure>
  </testcase> <!-- runScenario -->
  <testcase classname="CucumberOptions.TestNGRunner" name="runScenario" time="6.795"/>
  <testcase classname="CucumberOptions.TestNGRunner" name="runScenario" time="6.864"/>
</testsuite> <!-- CucumberOptions.TestNGRunner -->
